[Small Split] Using current extracted CSVs in ./data
Augment: profile=light, pad=2, rot_deg=3.0
Model: RESNET50 (pretrained=True, separate_heads=False, freeze_backbone=False)
ResNet50PretrainedRegressionModel(
  (backbone): ResNet(
    (conv1): Conv2d(3, 64, kernel_size=(7, 7), stride=(2, 2), padding=(3, 3), bias=False)
    (bn1): BatchNorm2d(64, eps=1e-05, momentum=0.1, affine=True, track_running_stats=True)
    (relu): ReLU(inplace=True)
    (maxpool): MaxPool2d(kernel_size=3, stride=2, padding=1, dilation=1, ceil_mode=False)
    (layer1): Sequential(
      (0): Bottleneck(
        (conv1): Conv2d(64, 64, kernel_size=(1, 1), stride=(1, 1), bias=False)
        (bn1): BatchNorm2d(64, eps=1e-05, momentum=0.1, affine=True, track_running_stats=True)
        (conv2): Conv2d(64, 64, kernel_size=(3, 3), stride=(1, 1), padding=(1, 1), bias=False)
        (bn2): BatchNorm2d(64, eps=1e-05, momentum=0.1, affine=True, track_running_stats=True)
        (conv3): Conv2d(64, 256, kernel_size=(1, 1), stride=(1, 1), bias=False)
        (bn3): BatchNorm2d(256, eps=1e-05, momentum=0.1, affine=True, track_running_stats=True)
        (relu): ReLU(inplace=True)
        (downsample): Sequential(
          (0): Conv2d(64, 256, kernel_size=(1, 1), stride=(1, 1), bias=False)
          (1): BatchNorm2d(256, eps=1e-05, momentum=0.1, affine=True, track_running_stats=True)
        )
      )
      (1): Bottleneck(
        (conv1): Conv2d(256, 64, kernel_size=(1, 1), stride=(1, 1), bias=False)
        (bn1): BatchNorm2d(64, eps=1e-05, momentum=0.1, affine=True, track_running_stats=True)
        (conv2): Conv2d(64, 64, kernel_size=(3, 3), stride=(1, 1), padding=(1, 1), bias=False)
        (bn2): BatchNorm2d(64, eps=1e-05, momentum=0.1, affine=True, track_running_stats=True)
        (conv3): Conv2d(64, 256, kernel_size=(1, 1), stride=(1, 1), bias=False)
        (bn3): BatchNorm2d(256, eps=1e-05, momentum=0.1, affine=True, track_running_stats=True)
        (relu): ReLU(inplace=True)
      )
      (2): Bottleneck(
        (conv1): Conv2d(256, 64, kernel_size=(1, 1), stride=(1, 1), bias=False)
        (bn1): BatchNorm2d(64, eps=1e-05, momentum=0.1, affine=True, track_running_stats=True)
        (conv2): Conv2d(64, 64, kernel_size=(3, 3), stride=(1, 1), padding=(1, 1), bias=False)
        (bn2): BatchNorm2d(64, eps=1e-05, momentum=0.1, affine=True, track_running_stats=True)
        (conv3): Conv2d(64, 256, kernel_size=(1, 1), stride=(1, 1), bias=False)
        (bn3): BatchNorm2d(256, eps=1e-05, momentum=0.1, affine=True, track_running_stats=True)
        (relu): ReLU(inplace=True)
      )
    )
    (layer2): Sequential(
      (0): Bottleneck(
        (conv1): Conv2d(256, 128, kernel_size=(1, 1), stride=(1, 1), bias=False)
        (bn1): BatchNorm2d(128, eps=1e-05, momentum=0.1, affine=True, track_running_stats=True)
        (conv2): Conv2d(128, 128, kernel_size=(3, 3), stride=(2, 2), padding=(1, 1), bias=False)
        (bn2): BatchNorm2d(128, eps=1e-05, momentum=0.1, affine=True, track_running_stats=True)
        (conv3): Conv2d(128, 512, kernel_size=(1, 1), stride=(1, 1), bias=False)
        (bn3): BatchNorm2d(512, eps=1e-05, momentum=0.1, affine=True, track_running_stats=True)
        (relu): ReLU(inplace=True)
        (downsample): Sequential(
          (0): Conv2d(256, 512, kernel_size=(1, 1), stride=(2, 2), bias=False)
          (1): BatchNorm2d(512, eps=1e-05, momentum=0.1, affine=True, track_running_stats=True)
        )
      )
      (1): Bottleneck(
        (conv1): Conv2d(512, 128, kernel_size=(1, 1), stride=(1, 1), bias=False)
        (bn1): BatchNorm2d(128, eps=1e-05, momentum=0.1, affine=True, track_running_stats=True)
        (conv2): Conv2d(128, 128, kernel_size=(3, 3), stride=(1, 1), padding=(1, 1), bias=False)
        (bn2): BatchNorm2d(128, eps=1e-05, momentum=0.1, affine=True, track_running_stats=True)
        (conv3): Conv2d(128, 512, kernel_size=(1, 1), stride=(1, 1), bias=False)
        (bn3): BatchNorm2d(512, eps=1e-05, momentum=0.1, affine=True, track_running_stats=True)
        (relu): ReLU(inplace=True)
      )
      (2): Bottleneck(
        (conv1): Conv2d(512, 128, kernel_size=(1, 1), stride=(1, 1), bias=False)
        (bn1): BatchNorm2d(128, eps=1e-05, momentum=0.1, affine=True, track_running_stats=True)
        (conv2): Conv2d(128, 128, kernel_size=(3, 3), stride=(1, 1), padding=(1, 1), bias=False)
        (bn2): BatchNorm2d(128, eps=1e-05, momentum=0.1, affine=True, track_running_stats=True)
        (conv3): Conv2d(128, 512, kernel_size=(1, 1), stride=(1, 1), bias=False)
        (bn3): BatchNorm2d(512, eps=1e-05, momentum=0.1, affine=True, track_running_stats=True)
        (relu): ReLU(inplace=True)
      )
      (3): Bottleneck(
        (conv1): Conv2d(512, 128, kernel_size=(1, 1), stride=(1, 1), bias=False)
        (bn1): BatchNorm2d(128, eps=1e-05, momentum=0.1, affine=True, track_running_stats=True)
        (conv2): Conv2d(128, 128, kernel_size=(3, 3), stride=(1, 1), padding=(1, 1), bias=False)
        (bn2): BatchNorm2d(128, eps=1e-05, momentum=0.1, affine=True, track_running_stats=True)
        (conv3): Conv2d(128, 512, kernel_size=(1, 1), stride=(1, 1), bias=False)
        (bn3): BatchNorm2d(512, eps=1e-05, momentum=0.1, affine=True, track_running_stats=True)
        (relu): ReLU(inplace=True)
      )
    )
    (layer3): Sequential(
      (0): Bottleneck(
        (conv1): Conv2d(512, 256, kernel_size=(1, 1), stride=(1, 1), bias=False)
        (bn1): BatchNorm2d(256, eps=1e-05, momentum=0.1, affine=True, track_running_stats=True)
        (conv2): Conv2d(256, 256, kernel_size=(3, 3), stride=(2, 2), padding=(1, 1), bias=False)
        (bn2): BatchNorm2d(256, eps=1e-05, momentum=0.1, affine=True, track_running_stats=True)
        (conv3): Conv2d(256, 1024, kernel_size=(1, 1), stride=(1, 1), bias=False)
        (bn3): BatchNorm2d(1024, eps=1e-05, momentum=0.1, affine=True, track_running_stats=True)
        (relu): ReLU(inplace=True)
        (downsample): Sequential(
          (0): Conv2d(512, 1024, kernel_size=(1, 1), stride=(2, 2), bias=False)
          (1): BatchNorm2d(1024, eps=1e-05, momentum=0.1, affine=True, track_running_stats=True)
        )
      )
      (1): Bottleneck(
        (conv1): Conv2d(1024, 256, kernel_size=(1, 1), stride=(1, 1), bias=False)
        (bn1): BatchNorm2d(256, eps=1e-05, momentum=0.1, affine=True, track_running_stats=True)
        (conv2): Conv2d(256, 256, kernel_size=(3, 3), stride=(1, 1), padding=(1, 1), bias=False)
        (bn2): BatchNorm2d(256, eps=1e-05, momentum=0.1, affine=True, track_running_stats=True)
        (conv3): Conv2d(256, 1024, kernel_size=(1, 1), stride=(1, 1), bias=False)
        (bn3): BatchNorm2d(1024, eps=1e-05, momentum=0.1, affine=True, track_running_stats=True)
        (relu): ReLU(inplace=True)
      )
      (2): Bottleneck(
        (conv1): Conv2d(1024, 256, kernel_size=(1, 1), stride=(1, 1), bias=False)
        (bn1): BatchNorm2d(256, eps=1e-05, momentum=0.1, affine=True, track_running_stats=True)
        (conv2): Conv2d(256, 256, kernel_size=(3, 3), stride=(1, 1), padding=(1, 1), bias=False)
        (bn2): BatchNorm2d(256, eps=1e-05, momentum=0.1, affine=True, track_running_stats=True)
        (conv3): Conv2d(256, 1024, kernel_size=(1, 1), stride=(1, 1), bias=False)
        (bn3): BatchNorm2d(1024, eps=1e-05, momentum=0.1, affine=True, track_running_stats=True)
        (relu): ReLU(inplace=True)
      )
      (3): Bottleneck(
        (conv1): Conv2d(1024, 256, kernel_size=(1, 1), stride=(1, 1), bias=False)
        (bn1): BatchNorm2d(256, eps=1e-05, momentum=0.1, affine=True, track_running_stats=True)
        (conv2): Conv2d(256, 256, kernel_size=(3, 3), stride=(1, 1), padding=(1, 1), bias=False)
        (bn2): BatchNorm2d(256, eps=1e-05, momentum=0.1, affine=True, track_running_stats=True)
        (conv3): Conv2d(256, 1024, kernel_size=(1, 1), stride=(1, 1), bias=False)
        (bn3): BatchNorm2d(1024, eps=1e-05, momentum=0.1, affine=True, track_running_stats=True)
        (relu): ReLU(inplace=True)
      )
      (4): Bottleneck(
        (conv1): Conv2d(1024, 256, kernel_size=(1, 1), stride=(1, 1), bias=False)
        (bn1): BatchNorm2d(256, eps=1e-05, momentum=0.1, affine=True, track_running_stats=True)
        (conv2): Conv2d(256, 256, kernel_size=(3, 3), stride=(1, 1), padding=(1, 1), bias=False)
        (bn2): BatchNorm2d(256, eps=1e-05, momentum=0.1, affine=True, track_running_stats=True)
        (conv3): Conv2d(256, 1024, kernel_size=(1, 1), stride=(1, 1), bias=False)
        (bn3): BatchNorm2d(1024, eps=1e-05, momentum=0.1, affine=True, track_running_stats=True)
        (relu): ReLU(inplace=True)
      )
      (5): Bottleneck(
        (conv1): Conv2d(1024, 256, kernel_size=(1, 1), stride=(1, 1), bias=False)
        (bn1): BatchNorm2d(256, eps=1e-05, momentum=0.1, affine=True, track_running_stats=True)
        (conv2): Conv2d(256, 256, kernel_size=(3, 3), stride=(1, 1), padding=(1, 1), bias=False)
        (bn2): BatchNorm2d(256, eps=1e-05, momentum=0.1, affine=True, track_running_stats=True)
        (conv3): Conv2d(256, 1024, kernel_size=(1, 1), stride=(1, 1), bias=False)
        (bn3): BatchNorm2d(1024, eps=1e-05, momentum=0.1, affine=True, track_running_stats=True)
        (relu): ReLU(inplace=True)
      )
    )
    (layer4): Sequential(
      (0): Bottleneck(
        (conv1): Conv2d(1024, 512, kernel_size=(1, 1), stride=(1, 1), bias=False)
        (bn1): BatchNorm2d(512, eps=1e-05, momentum=0.1, affine=True, track_running_stats=True)
        (conv2): Conv2d(512, 512, kernel_size=(3, 3), stride=(2, 2), padding=(1, 1), bias=False)
        (bn2): BatchNorm2d(512, eps=1e-05, momentum=0.1, affine=True, track_running_stats=True)
        (conv3): Conv2d(512, 2048, kernel_size=(1, 1), stride=(1, 1), bias=False)
        (bn3): BatchNorm2d(2048, eps=1e-05, momentum=0.1, affine=True, track_running_stats=True)
        (relu): ReLU(inplace=True)
        (downsample): Sequential(
          (0): Conv2d(1024, 2048, kernel_size=(1, 1), stride=(2, 2), bias=False)
          (1): BatchNorm2d(2048, eps=1e-05, momentum=0.1, affine=True, track_running_stats=True)
        )
      )
      (1): Bottleneck(
        (conv1): Conv2d(2048, 512, kernel_size=(1, 1), stride=(1, 1), bias=False)
        (bn1): BatchNorm2d(512, eps=1e-05, momentum=0.1, affine=True, track_running_stats=True)
        (conv2): Conv2d(512, 512, kernel_size=(3, 3), stride=(1, 1), padding=(1, 1), bias=False)
        (bn2): BatchNorm2d(512, eps=1e-05, momentum=0.1, affine=True, track_running_stats=True)
        (conv3): Conv2d(512, 2048, kernel_size=(1, 1), stride=(1, 1), bias=False)
        (bn3): BatchNorm2d(2048, eps=1e-05, momentum=0.1, affine=True, track_running_stats=True)
        (relu): ReLU(inplace=True)
      )
      (2): Bottleneck(
        (conv1): Conv2d(2048, 512, kernel_size=(1, 1), stride=(1, 1), bias=False)
        (bn1): BatchNorm2d(512, eps=1e-05, momentum=0.1, affine=True, track_running_stats=True)
        (conv2): Conv2d(512, 512, kernel_size=(3, 3), stride=(1, 1), padding=(1, 1), bias=False)
        (bn2): BatchNorm2d(512, eps=1e-05, momentum=0.1, affine=True, track_running_stats=True)
        (conv3): Conv2d(512, 2048, kernel_size=(1, 1), stride=(1, 1), bias=False)
        (bn3): BatchNorm2d(2048, eps=1e-05, momentum=0.1, affine=True, track_running_stats=True)
        (relu): ReLU(inplace=True)
      )
    )
    (avgpool): AdaptiveAvgPool2d(output_size=(1, 1))
    (fc): Identity()
  )
  (dropout): Dropout(p=0.2, inplace=False)
  (linear): RegressionHead(
    (net): Sequential(
      (0): LayerNorm((2048,), eps=1e-05, elementwise_affine=True)
      (1): Linear(in_features=2048, out_features=512, bias=True)
      (2): SiLU()
      (3): Dropout(p=0.2, inplace=False)
      (4): Linear(in_features=512, out_features=3, bias=True)
    )
  )
)
params: 24562755
trainable: 24562755
Optimizer param groups -> wd=1e-05 lr_mult=0.2: 165 tensors
Checkpoint disabled; starting from scratch

Epoch: 0
LR: 1.6000000000000003e-05
Train Loss: 2.9191
Public Loss: 2.5125, RMSE: Val=1.1471 Aro=0.7473 Dom=0.5330
Public Mean RMSE: 0.8092
Scheduler metric (EMA): 0.8092

Epoch: 1
LR: 1.6000000000000003e-05
Train Loss: 2.2479
Public Loss: 2.1011, RMSE: Val=1.0763 Aro=0.6718 Dom=0.4724
Public Mean RMSE: 0.7402
Scheduler metric (EMA): 0.7816

Epoch: 2
LR: 1.6000000000000003e-05
Train Loss: 1.7295
Public Loss: 1.7880, RMSE: Val=0.9583 Aro=0.6308 Dom=0.4342
Public Mean RMSE: 0.6744
Scheduler metric (EMA): 0.7387

Epoch: 3
LR: 1.6000000000000003e-05
Train Loss: 1.3831
Public Loss: 1.6429, RMSE: Val=0.9363 Aro=0.5950 Dom=0.4093
Public Mean RMSE: 0.6469
Scheduler metric (EMA): 0.7020

Epoch: 4
LR: 1.6000000000000003e-05
Train Loss: 1.1293
Public Loss: 1.4887, RMSE: Val=0.8665 Aro=0.5679 Dom=0.3948
Public Mean RMSE: 0.6097
Scheduler metric (EMA): 0.6651

Epoch: 5
LR: 1.6000000000000003e-05
Train Loss: 0.9453
Public Loss: 1.3479, RMSE: Val=0.8327 Aro=0.5377 Dom=0.3661
Public Mean RMSE: 0.5788
Scheduler metric (EMA): 0.6306

Epoch: 6
LR: 1.6000000000000003e-05
Train Loss: 0.8085
Public Loss: 1.3091, RMSE: Val=0.8012 Aro=0.5295 Dom=0.3698
Public Mean RMSE: 0.5668
Scheduler metric (EMA): 0.6051

Epoch: 7
LR: 1.6000000000000003e-05
Train Loss: 0.6935
Public Loss: 1.2275, RMSE: Val=0.7920 Aro=0.5046 Dom=0.3508
Public Mean RMSE: 0.5491
Scheduler metric (EMA): 0.5827

Epoch: 8
LR: 1.6000000000000003e-05
Train Loss: 0.6087
Public Loss: 1.1795, RMSE: Val=0.7645 Aro=0.4889 Dom=0.3525
Public Mean RMSE: 0.5353
Scheduler metric (EMA): 0.5638

Epoch: 9
LR: 1.6000000000000003e-05
Train Loss: 0.5415
Public Loss: 1.0772, RMSE: Val=0.7324 Aro=0.4663 Dom=0.3290
Public Mean RMSE: 0.5092
Scheduler metric (EMA): 0.5419

Epoch: 10
LR: 1.6000000000000003e-05
Train Loss: 0.4832
Public Loss: 1.0450, RMSE: Val=0.7285 Aro=0.4536 Dom=0.3222
Public Mean RMSE: 0.5014
Scheduler metric (EMA): 0.5257

Epoch: 11
LR: 1.6000000000000003e-05
Train Loss: 0.4292
Public Loss: 1.0096, RMSE: Val=0.7111 Aro=0.4448 Dom=0.3176
Public Mean RMSE: 0.4912
Scheduler metric (EMA): 0.5119

Epoch: 12
LR: 1.6000000000000003e-05
Train Loss: 0.3877
Public Loss: 1.0239, RMSE: Val=0.7088 Aro=0.4517 Dom=0.3227
Public Mean RMSE: 0.4944
Scheduler metric (EMA): 0.5049

Epoch: 13
LR: 1.6000000000000003e-05
Train Loss: 0.3566
Public Loss: 0.9910, RMSE: Val=0.7001 Aro=0.4399 Dom=0.3156
Public Mean RMSE: 0.4852
Scheduler metric (EMA): 0.4970

Epoch: 14
LR: 1.6000000000000003e-05
Train Loss: 0.3201
Public Loss: 0.9656, RMSE: Val=0.6699 Aro=0.4436 Dom=0.3135
Public Mean RMSE: 0.4757
Scheduler metric (EMA): 0.4885

Epoch: 15
LR: 1.6000000000000003e-05
Train Loss: 0.2945
Public Loss: 0.9304, RMSE: Val=0.6672 Aro=0.4315 Dom=0.3026
Public Mean RMSE: 0.4671
Scheduler metric (EMA): 0.4799

Epoch: 16
LR: 1.6000000000000003e-05
Train Loss: 0.2724
Public Loss: 0.9459, RMSE: Val=0.6728 Aro=0.4337 Dom=0.3079
Public Mean RMSE: 0.4715
Scheduler metric (EMA): 0.4765

Epoch: 17
LR: 1.6000000000000003e-05
Train Loss: 0.2541
Public Loss: 0.9048, RMSE: Val=0.6651 Aro=0.4175 Dom=0.2982
Public Mean RMSE: 0.4603
Scheduler metric (EMA): 0.4700

Epoch: 18
LR: 1.6000000000000003e-05
Train Loss: 0.2362
Public Loss: 0.8847, RMSE: Val=0.6515 Aro=0.4132 Dom=0.2958
Public Mean RMSE: 0.4535
Scheduler metric (EMA): 0.4634

Epoch: 19
LR: 1.6000000000000003e-05
Train Loss: 0.2174
Public Loss: 0.8566, RMSE: Val=0.6258 Aro=0.4129 Dom=0.2917
Public Mean RMSE: 0.4434
Scheduler metric (EMA): 0.4554

Epoch: 20
LR: 1.6000000000000003e-05
Train Loss: 0.2033
Public Loss: 0.8414, RMSE: Val=0.6250 Aro=0.4128 Dom=0.2821
Public Mean RMSE: 0.4400
Scheduler metric (EMA): 0.4492

Epoch: 21
LR: 1.6000000000000003e-05
Train Loss: 0.1917
Public Loss: 0.8314, RMSE: Val=0.6174 Aro=0.4067 Dom=0.2838
Public Mean RMSE: 0.4360
Scheduler metric (EMA): 0.4439

Epoch: 22
LR: 1.6000000000000003e-05
Train Loss: 0.1837
Public Loss: 0.8254, RMSE: Val=0.5987 Aro=0.4111 Dom=0.2858
Public Mean RMSE: 0.4319
Scheduler metric (EMA): 0.4391

Epoch: 23
LR: 1.6000000000000003e-05
Train Loss: 0.1690
Public Loss: 0.8130, RMSE: Val=0.6021 Aro=0.4084 Dom=0.2782
Public Mean RMSE: 0.4296
Scheduler metric (EMA): 0.4353

Epoch: 24
LR: 1.6000000000000003e-05
Train Loss: 0.1580
Public Loss: 0.7760, RMSE: Val=0.5958 Aro=0.3880 Dom=0.2726
Public Mean RMSE: 0.4188
Scheduler metric (EMA): 0.4287

Epoch: 25
LR: 1.6000000000000003e-05
Train Loss: 0.1496
Public Loss: 0.7662, RMSE: Val=0.5985 Aro=0.3831 Dom=0.2678
Public Mean RMSE: 0.4165
Scheduler metric (EMA): 0.4238

Epoch: 26
LR: 1.6000000000000003e-05
Train Loss: 0.1419
Public Loss: 0.7851, RMSE: Val=0.5840 Aro=0.4002 Dom=0.2744
Public Mean RMSE: 0.4195
Scheduler metric (EMA): 0.4221

Epoch: 27
LR: 1.6000000000000003e-05
Train Loss: 0.1306
Public Loss: 0.7662, RMSE: Val=0.5562 Aro=0.4078 Dom=0.2686
Public Mean RMSE: 0.4109
Scheduler metric (EMA): 0.4176

Epoch: 28
LR: 1.6000000000000003e-05
Train Loss: 0.1241
Public Loss: 0.7624, RMSE: Val=0.5793 Aro=0.3880 Dom=0.2713
Public Mean RMSE: 0.4129
Scheduler metric (EMA): 0.4157

Epoch: 29
LR: 1.6000000000000003e-05
Train Loss: 0.1228
Public Loss: 0.7324, RMSE: Val=0.5664 Aro=0.3834 Dom=0.2597
Public Mean RMSE: 0.4032
Scheduler metric (EMA): 0.4107

Epoch: 30
LR: 1.6000000000000003e-05
Train Loss: 0.1094
Public Loss: 0.7264, RMSE: Val=0.5708 Aro=0.3764 Dom=0.2583
Public Mean RMSE: 0.4019
Scheduler metric (EMA): 0.4072

Epoch: 31
LR: 1.6000000000000003e-05
Train Loss: 0.1031
Public Loss: 0.7023, RMSE: Val=0.5558 Aro=0.3718 Dom=0.2521
Public Mean RMSE: 0.3932
Scheduler metric (EMA): 0.4016

Epoch: 32
LR: 1.6000000000000003e-05
Train Loss: 0.0994
Public Loss: 0.7202, RMSE: Val=0.5627 Aro=0.3790 Dom=0.2556
Public Mean RMSE: 0.3991
Scheduler metric (EMA): 0.4006

Epoch: 33
LR: 1.6000000000000003e-05
Train Loss: 0.0911
Public Loss: 0.7103, RMSE: Val=0.5673 Aro=0.3696 Dom=0.2545
Public Mean RMSE: 0.3971
Scheduler metric (EMA): 0.3992

Epoch: 34
LR: 1.6000000000000003e-05
Train Loss: 0.0871
Public Loss: 0.6957, RMSE: Val=0.5433 Aro=0.3715 Dom=0.2548
Public Mean RMSE: 0.3899
Scheduler metric (EMA): 0.3955

Epoch: 35
LR: 1.6000000000000003e-05
Train Loss: 0.0824
Public Loss: 0.7210, RMSE: Val=0.5671 Aro=0.3750 Dom=0.2580
Public Mean RMSE: 0.4000
Scheduler metric (EMA): 0.3973

Epoch: 36
LR: 1.6000000000000003e-05
Train Loss: 0.0819
Public Loss: 0.7277, RMSE: Val=0.5709 Aro=0.3752 Dom=0.2612
Public Mean RMSE: 0.4024
Scheduler metric (EMA): 0.3994

Epoch: 37
LR: 1.6000000000000003e-05
Train Loss: 0.0770
Public Loss: 0.7012, RMSE: Val=0.5591 Aro=0.3693 Dom=0.2510
Public Mean RMSE: 0.3932
Scheduler metric (EMA): 0.3969

Epoch: 38
LR: 1.6000000000000003e-05
Train Loss: 0.0755
Public Loss: 0.6647, RMSE: Val=0.5457 Aro=0.3547 Dom=0.2431
Public Mean RMSE: 0.3811
Scheduler metric (EMA): 0.3906

Epoch: 39
LR: 1.6000000000000003e-05
Train Loss: 0.0661
Public Loss: 0.6896, RMSE: Val=0.5488 Aro=0.3653 Dom=0.2525
Public Mean RMSE: 0.3888
Scheduler metric (EMA): 0.3899

Epoch: 40
LR: 1.6000000000000003e-05
Train Loss: 0.0670
Public Loss: 0.6897, RMSE: Val=0.5406 Aro=0.3736 Dom=0.2496
Public Mean RMSE: 0.3879
Scheduler metric (EMA): 0.3891

Epoch: 41
LR: 1.6000000000000003e-05
Train Loss: 0.0658
Public Loss: 0.6960, RMSE: Val=0.5464 Aro=0.3733 Dom=0.2515
Public Mean RMSE: 0.3904
Scheduler metric (EMA): 0.3896

Epoch: 42
LR: 1.6000000000000003e-05
Train Loss: 0.0603
Public Loss: 0.6703, RMSE: Val=0.5364 Aro=0.3614 Dom=0.2468
Public Mean RMSE: 0.3815
Scheduler metric (EMA): 0.3864

Epoch: 43
LR: 1.6000000000000003e-05
Train Loss: 0.0590
Public Loss: 0.7111, RMSE: Val=0.5579 Aro=0.3735 Dom=0.2562
Public Mean RMSE: 0.3959
Scheduler metric (EMA): 0.3902

Epoch: 44
LR: 1.6000000000000003e-05
Train Loss: 0.0637
Public Loss: 0.6928, RMSE: Val=0.5600 Aro=0.3660 Dom=0.2482
Public Mean RMSE: 0.3914
Scheduler metric (EMA): 0.3907

Epoch: 45
LR: 1.6000000000000003e-05
Train Loss: 0.0604
Public Loss: 0.6828, RMSE: Val=0.5352 Aro=0.3703 Dom=0.2489
Public Mean RMSE: 0.3848
Scheduler metric (EMA): 0.3883

Epoch: 46
LR: 1.6000000000000003e-05
Train Loss: 0.0552
Public Loss: 0.6914, RMSE: Val=0.5458 Aro=0.3737 Dom=0.2474
Public Mean RMSE: 0.3890
Scheduler metric (EMA): 0.3886

Epoch: 47
LR: 1.6000000000000003e-05
Train Loss: 0.0537
Public Loss: 0.6766, RMSE: Val=0.5374 Aro=0.3665 Dom=0.2463
Public Mean RMSE: 0.3834
Scheduler metric (EMA): 0.3865
LR reduced: 1.6000000000000003e-05 -> 8.000000000000001e-06

Epoch: 48
LR: 8.000000000000001e-06
Train Loss: 0.0399
Public Loss: 0.6583, RMSE: Val=0.5311 Aro=0.3595 Dom=0.2418
Public Mean RMSE: 0.3775
Scheduler metric (EMA): 0.3829

Epoch: 49
LR: 8.000000000000001e-06
Train Loss: 0.0337
Public Loss: 0.6601, RMSE: Val=0.5313 Aro=0.3610 Dom=0.2416
Public Mean RMSE: 0.3780
Scheduler metric (EMA): 0.3809

Epoch: 50
LR: 8.000000000000001e-06
Train Loss: 0.0311
Public Loss: 0.6484, RMSE: Val=0.5274 Aro=0.3561 Dom=0.2386
Public Mean RMSE: 0.3740
Scheduler metric (EMA): 0.3782

Epoch: 51
LR: 8.000000000000001e-06
Train Loss: 0.0307
Public Loss: 0.6483, RMSE: Val=0.5248 Aro=0.3566 Dom=0.2391
Public Mean RMSE: 0.3735
Scheduler metric (EMA): 0.3763

Epoch: 52
LR: 8.000000000000001e-06
Train Loss: 0.0290
Public Loss: 0.6553, RMSE: Val=0.5272 Aro=0.3593 Dom=0.2413
Public Mean RMSE: 0.3759
Scheduler metric (EMA): 0.3761

Epoch: 53
LR: 8.000000000000001e-06
Train Loss: 0.0293
Public Loss: 0.6646, RMSE: Val=0.5318 Aro=0.3635 Dom=0.2427
Public Mean RMSE: 0.3794
Scheduler metric (EMA): 0.3774

Epoch: 54
LR: 8.000000000000001e-06
Train Loss: 0.0281
Public Loss: 0.6596, RMSE: Val=0.5245 Aro=0.3621 Dom=0.2438
Public Mean RMSE: 0.3768
Scheduler metric (EMA): 0.3772

Epoch: 55
LR: 8.000000000000001e-06
Train Loss: 0.0268
Public Loss: 0.6615, RMSE: Val=0.5389 Aro=0.3605 Dom=0.2394
Public Mean RMSE: 0.3796
Scheduler metric (EMA): 0.3781

Epoch: 56
LR: 8.000000000000001e-06
Train Loss: 0.0270
Public Loss: 0.6598, RMSE: Val=0.5269 Aro=0.3632 Dom=0.2424
Public Mean RMSE: 0.3775
Scheduler metric (EMA): 0.3779

Epoch: 57
LR: 8.000000000000001e-06
Train Loss: 0.0253
Public Loss: 0.6465, RMSE: Val=0.5281 Aro=0.3534 Dom=0.2395
Public Mean RMSE: 0.3737
Scheduler metric (EMA): 0.3762
LR reduced: 8.000000000000001e-06 -> 4.000000000000001e-06

Epoch: 58
LR: 4.000000000000001e-06
Train Loss: 0.0237
Public Loss: 0.6522, RMSE: Val=0.5237 Aro=0.3581 Dom=0.2419
Public Mean RMSE: 0.3746
Scheduler metric (EMA): 0.3755

Epoch: 59
LR: 4.000000000000001e-06
Train Loss: 0.0208
Public Loss: 0.6437, RMSE: Val=0.5212 Aro=0.3516 Dom=0.2416
Public Mean RMSE: 0.3715
Scheduler metric (EMA): 0.3739

Epoch: 60
LR: 4.000000000000001e-06
Train Loss: 0.0204
Public Loss: 0.6417, RMSE: Val=0.5252 Aro=0.3508 Dom=0.2385
Public Mean RMSE: 0.3715
Scheduler metric (EMA): 0.3730

Epoch: 61
LR: 4.000000000000001e-06
Train Loss: 0.0191
Public Loss: 0.6387, RMSE: Val=0.5156 Aro=0.3545 Dom=0.2385
Public Mean RMSE: 0.3695
Scheduler metric (EMA): 0.3716

Epoch: 62
LR: 4.000000000000001e-06
Train Loss: 0.0185
Public Loss: 0.6353, RMSE: Val=0.5211 Aro=0.3493 Dom=0.2369
Public Mean RMSE: 0.3691
Scheduler metric (EMA): 0.3706

Epoch: 63
LR: 4.000000000000001e-06
Train Loss: 0.0197
Public Loss: 0.6386, RMSE: Val=0.5189 Aro=0.3526 Dom=0.2382
Public Mean RMSE: 0.3699
Scheduler metric (EMA): 0.3703

Epoch: 64
LR: 4.000000000000001e-06
Train Loss: 0.0184
Public Loss: 0.6372, RMSE: Val=0.5220 Aro=0.3490 Dom=0.2386
Public Mean RMSE: 0.3699
Scheduler metric (EMA): 0.3701

Epoch: 65
LR: 4.000000000000001e-06
Train Loss: 0.0178
Public Loss: 0.6381, RMSE: Val=0.5210 Aro=0.3503 Dom=0.2386
Public Mean RMSE: 0.3700
Scheduler metric (EMA): 0.3701

Epoch: 66
LR: 4.000000000000001e-06
Train Loss: 0.0168
Public Loss: 0.6392, RMSE: Val=0.5175 Aro=0.3520 Dom=0.2402
Public Mean RMSE: 0.3699
Scheduler metric (EMA): 0.3700
LR reduced: 4.000000000000001e-06 -> 2.0000000000000003e-06

Epoch: 67
LR: 2.0000000000000003e-06
Train Loss: 0.0163
Public Loss: 0.6357, RMSE: Val=0.5135 Aro=0.3505 Dom=0.2404
Public Mean RMSE: 0.3681
Scheduler metric (EMA): 0.3693

Epoch: 68
LR: 2.0000000000000003e-06
Train Loss: 0.0157
Public Loss: 0.6369, RMSE: Val=0.5142 Aro=0.3520 Dom=0.2396
Public Mean RMSE: 0.3686
Scheduler metric (EMA): 0.3690

Epoch: 69
LR: 2.0000000000000003e-06
Train Loss: 0.0150
Public Loss: 0.6283, RMSE: Val=0.5148 Aro=0.3474 Dom=0.2364
Public Mean RMSE: 0.3662
Scheduler metric (EMA): 0.3679

Epoch: 70
LR: 2.0000000000000003e-06
Train Loss: 0.0152
Public Loss: 0.6338, RMSE: Val=0.5117 Aro=0.3504 Dom=0.2397
Public Mean RMSE: 0.3673
Scheduler metric (EMA): 0.3676

Epoch: 71
LR: 2.0000000000000003e-06
Train Loss: 0.0149
Public Loss: 0.6382, RMSE: Val=0.5122 Aro=0.3537 Dom=0.2405
Public Mean RMSE: 0.3688
Scheduler metric (EMA): 0.3681

Epoch: 72
LR: 2.0000000000000003e-06
Train Loss: 0.0149
Public Loss: 0.6247, RMSE: Val=0.5125 Aro=0.3465 Dom=0.2356
Public Mean RMSE: 0.3649
Scheduler metric (EMA): 0.3668

Epoch: 73
LR: 2.0000000000000003e-06
Train Loss: 0.0147
Public Loss: 0.6273, RMSE: Val=0.5133 Aro=0.3484 Dom=0.2355
Public Mean RMSE: 0.3657
Scheduler metric (EMA): 0.3664

Epoch: 74
LR: 2.0000000000000003e-06
Train Loss: 0.0143
Public Loss: 0.6329, RMSE: Val=0.5116 Aro=0.3520 Dom=0.2381
Public Mean RMSE: 0.3672
Scheduler metric (EMA): 0.3667

Epoch: 75
LR: 2.0000000000000003e-06
Train Loss: 0.0140
Public Loss: 0.6185, RMSE: Val=0.5061 Aro=0.3482 Dom=0.2325
Public Mean RMSE: 0.3623
Scheduler metric (EMA): 0.3649

Epoch: 76
LR: 2.0000000000000003e-06
Train Loss: 0.0140
Public Loss: 0.6279, RMSE: Val=0.5123 Aro=0.3506 Dom=0.2349
Public Mean RMSE: 0.3659
Scheduler metric (EMA): 0.3653

Epoch: 77
LR: 2.0000000000000003e-06
Train Loss: 0.0142
Public Loss: 0.6274, RMSE: Val=0.5126 Aro=0.3478 Dom=0.2365
Public Mean RMSE: 0.3656
Scheduler metric (EMA): 0.3655
LR reduced: 2.0000000000000003e-06 -> 1.0000000000000002e-06

Epoch: 78
LR: 1.0000000000000002e-06
Train Loss: 0.0137
Public Loss: 0.6343, RMSE: Val=0.5139 Aro=0.3505 Dom=0.2390
Public Mean RMSE: 0.3678
Scheduler metric (EMA): 0.3664

Epoch: 79
LR: 1.0000000000000002e-06
Train Loss: 0.0135
Public Loss: 0.6238, RMSE: Val=0.5097 Aro=0.3474 Dom=0.2351
Public Mean RMSE: 0.3641
Scheduler metric (EMA): 0.3655
